<?xml version="1.0" encoding="UTF-8"?>
<!-- Generated by org.testng.reporters.JUnitReportReporter -->
<testsuite skipped="0" hostname="LENOVO" name="com.testCases.TP_TC_075" tests="1" failures="0" timestamp="01 May 2019 14:25:38 GMT" time="9.398" errors="0">
  <testcase name="SelCatNegative" time="9.398" classname="com.testCases.TP_TC_075"/>
</testsuite> <!-- com.testCases.TP_TC_075 -->
