<?xml version="1.0" encoding="UTF-8"?>
<!-- Generated by org.testng.reporters.JUnitReportReporter -->
<testsuite skipped="0" hostname="LENOVO" name="com.testCases.TC_TP_073" tests="1" failures="0" timestamp="30 Apr 2019 18:46:56 GMT" time="15.882" errors="0">
  <testcase name="CreateNeedTest" time="15.882" classname="com.testCases.TC_TP_073"/>
</testsuite> <!-- com.testCases.TC_TP_073 -->
