<?xml version="1.0" encoding="UTF-8"?>
<!-- Generated by org.testng.reporters.JUnitReportReporter -->
<testsuite skipped="0" hostname="LENOVO" name="com.testCases.TP_TC_072" tests="1" failures="0" timestamp="02 May 2019 15:05:28 GMT" time="90.097" errors="0">
  <testcase name="CreateServiceTest" time="90.097" classname="com.testCases.TP_TC_072"/>
</testsuite> <!-- com.testCases.TP_TC_072 -->
