<?xml version="1.0" encoding="UTF-8"?>
<!-- Generated by org.testng.reporters.JUnitReportReporter -->
<testsuite skipped="0" hostname="LENOVO" name="com.testCases.TC_TP_075" tests="1" failures="0" timestamp="30 Apr 2019 19:30:28 GMT" time="9.287" errors="0">
  <testcase name="SelCatNegative" time="9.287" classname="com.testCases.TC_TP_075"/>
</testsuite> <!-- com.testCases.TC_TP_075 -->
