<?xml version="1.0" encoding="UTF-8"?>
<!-- Generated by org.testng.reporters.JUnitReportReporter -->
<testsuite skipped="0" hostname="LENOVO" name="com.testCases.TP_TC_076" tests="1" failures="0" timestamp="01 May 2019 14:25:38 GMT" time="16.722" errors="0">
  <testcase name="SubCatAll" time="16.722" classname="com.testCases.TP_TC_076"/>
</testsuite> <!-- com.testCases.TP_TC_076 -->
