<?xml version="1.0" encoding="UTF-8"?>
<!-- Generated by org.testng.reporters.JUnitReportReporter -->
<testsuite skipped="0" hostname="LENOVO" name="com.testCases.TC_TP_001" tests="1" failures="0" timestamp="25 Apr 2019 21:50:15 GMT" time="47.560" errors="0">
  <testcase name="loginTest" time="47.560" classname="com.testCases.TC_TP_001"/>
</testsuite> <!-- com.testCases.TC_TP_001 -->
