<?xml version="1.0" encoding="UTF-8"?>
<!-- Generated by org.testng.reporters.JUnitReportReporter -->
<testsuite skipped="0" hostname="LENOVO" name="com.testCases.TC_TP_072" tests="1" failures="0" timestamp="01 May 2019 02:13:16 GMT" time="13.533" errors="0">
  <testcase name="CreateServiceTest" time="13.533" classname="com.testCases.TC_TP_072"/>
</testsuite> <!-- com.testCases.TC_TP_072 -->
