<?xml version="1.0" encoding="UTF-8"?>
<!-- Generated by org.testng.reporters.JUnitReportReporter -->
<testsuite skipped="0" hostname="LENOVO" name="com.testCases.TC_TP_076" tests="1" failures="0" timestamp="30 Apr 2019 18:55:30 GMT" time="24.061" errors="0">
  <testcase name="SubCatAll" time="24.061" classname="com.testCases.TC_TP_076"/>
</testsuite> <!-- com.testCases.TC_TP_076 -->
