<?xml version="1.0" encoding="UTF-8"?>
<!-- Generated by org.testng.reporters.JUnitReportReporter -->
<testsuite skipped="0" hostname="LENOVO" name="com.testCases.TP_TC_075" tests="1" failures="0" timestamp="02 May 2019 15:37:58 GMT" time="21.995" errors="0">
  <testcase name="SelCatNegative" time="21.995" classname="com.testCases.TP_TC_075"/>
</testsuite> <!-- com.testCases.TP_TC_075 -->
